CRITICAL - 2021-07-20 08:46:50 --> Cannot declare class TestSeeds, because the name is already in use
#0 [internal function]: CodeIgniter\Debug\Exceptions->shutdownHandler()
#1 {main}
CRITICAL - 2021-07-20 08:47:21 --> Cannot declare class TestSeeds, because the name is already in use
#0 [internal function]: CodeIgniter\Debug\Exceptions->shutdownHandler()
#1 {main}
ERROR - 2021-07-20 09:21:59 --> Duplicate entry '0' for key 'PRIMARY'
ERROR - 2021-07-20 09:24:33 --> Duplicate entry '0' for key 'PRIMARY'
ERROR - 2021-07-20 09:25:17 --> Duplicate entry '0' for key 'PRIMARY'
ERROR - 2021-07-20 09:25:39 --> Duplicate entry '0' for key 'PRIMARY'
ERROR - 2021-07-20 09:25:46 --> Duplicate entry '0' for key 'PRIMARY'
ERROR - 2021-07-20 09:27:13 --> Duplicate entry '0' for key 'PRIMARY'
ERROR - 2021-07-20 09:28:26 --> Duplicate entry '0' for key 'PRIMARY'
ERROR - 2021-07-20 09:28:35 --> Duplicate entry '0' for key 'PRIMARY'
ERROR - 2021-07-20 09:38:32 --> Duplicate entry '0' for key 'PRIMARY'
ERROR - 2021-07-20 09:41:53 --> Duplicate entry '0' for key 'PRIMARY'
ERROR - 2021-07-20 10:18:29 --> Duplicate entry '0' for key 'PRIMARY'
CRITICAL - 2021-07-20 10:35:15 --> Constant expression contains invalid operations
#0 [internal function]: CodeIgniter\Debug\Exceptions->shutdownHandler()
#1 {main}
CRITICAL - 2021-07-20 10:35:24 --> Constant expression contains invalid operations
#0 [internal function]: CodeIgniter\Debug\Exceptions->shutdownHandler()
#1 {main}
ERROR - 2021-07-20 11:01:11 --> Duplicate entry '0' for key 'PRIMARY'
ERROR - 2021-07-20 11:02:20 --> Duplicate entry '0' for key 'PRIMARY'
ERROR - 2021-07-20 11:15:27 --> Duplicate entry '0' for key 'PRIMARY'
ERROR - 2021-07-20 11:38:12 --> Unknown column 'nome' in 'field list'
ERROR - 2021-07-20 11:38:57 --> Unknown column 'nome' in 'field list'
ERROR - 2021-07-20 11:40:29 --> Unknown column 'nome' in 'field list'
ERROR - 2021-07-20 11:41:04 --> Error connecting to the database: php_network_getaddresses: getaddrinfo failed: Name or service not known
CRITICAL - 2021-07-20 11:41:04 --> Unable to connect to the database.
Main connection [MySQLi]: php_network_getaddresses: getaddrinfo failed: Name or service not known
#0 /home/netox/git/teste_seeder_faker/vendor/codeigniter4/framework/system/Database/Database.php(87): CodeIgniter\Database\BaseConnection->initialize()
#1 /home/netox/git/teste_seeder_faker/vendor/codeigniter4/framework/system/Database/Config.php(117): CodeIgniter\Database\Database->loadForge(Object(CodeIgniter\Database\MySQLi\Connection))
#2 /home/netox/git/teste_seeder_faker/vendor/codeigniter4/framework/system/Database/Seeder.php(101): CodeIgniter\Database\Config::forge(NULL)
#3 /home/netox/git/teste_seeder_faker/vendor/codeigniter4/framework/system/Commands/Database/Seed.php(73): CodeIgniter\Database\Seeder->__construct(Object(Config\Database))
#4 /home/netox/git/teste_seeder_faker/vendor/codeigniter4/framework/system/CLI/Commands.php(67): CodeIgniter\Commands\Database\Seed->run(Array)
#5 /home/netox/git/teste_seeder_faker/vendor/codeigniter4/framework/system/CLI/CommandRunner.php(71): CodeIgniter\CLI\Commands->run('db:seed', Array)
#6 /home/netox/git/teste_seeder_faker/vendor/codeigniter4/framework/system/CLI/CommandRunner.php(56): CodeIgniter\CLI\CommandRunner->index(Array)
#7 /home/netox/git/teste_seeder_faker/vendor/codeigniter4/framework/system/CodeIgniter.php(924): CodeIgniter\CLI\CommandRunner->_remap('index', 'db:seed', 'Play')
#8 /home/netox/git/teste_seeder_faker/vendor/codeigniter4/framework/system/CodeIgniter.php(436): CodeIgniter\CodeIgniter->runController(Object(CodeIgniter\CLI\CommandRunner))
#9 /home/netox/git/teste_seeder_faker/vendor/codeigniter4/framework/system/CodeIgniter.php(336): CodeIgniter\CodeIgniter->handleRequest(NULL, Object(Config\Cache), false)
#10 /home/netox/git/teste_seeder_faker/vendor/codeigniter4/framework/system/CLI/Console.php(61): CodeIgniter\CodeIgniter->run()
#11 /home/netox/git/teste_seeder_faker/spark(65): CodeIgniter\CLI\Console->run()
#12 {main}
ERROR - 2021-07-20 11:41:16 --> Unknown column 'nome' in 'field list'
ERROR - 2021-07-20 11:44:06 --> Duplicate entry '0' for key 'PRIMARY'
ERROR - 2021-07-20 11:44:15 --> Duplicate entry '0' for key 'PRIMARY'
ERROR - 2021-07-20 11:44:22 --> Duplicate entry '0' for key 'PRIMARY'
ERROR - 2021-07-20 11:46:49 --> Duplicate entry '0' for key 'PRIMARY'
ERROR - 2021-07-20 11:52:16 --> Duplicate entry '0' for key 'PRIMARY'
ERROR - 2021-07-20 11:57:51 --> Cannot add or update a child row: a foreign key constraint fails (`SistemaHospitalar`.`consultas`, CONSTRAINT `fk_paciente_consulta` FOREIGN KEY (`pacienteId`) REFERENCES `pacientes` (`id`))
ERROR - 2021-07-20 12:03:05 --> Cannot add or update a child row: a foreign key constraint fails (`SistemaHospitalar`.`consultas`, CONSTRAINT `fk_paciente_consulta` FOREIGN KEY (`pacienteId`) REFERENCES `pacientes` (`id`))
ERROR - 2021-07-20 12:04:24 --> Unknown column 'fk_pacientes_consulta' in 'field list'
ERROR - 2021-07-20 12:05:16 --> Unknown column 'fk_paciente_consulta' in 'field list'
ERROR - 2021-07-20 12:05:29 --> Cannot add or update a child row: a foreign key constraint fails (`SistemaHospitalar`.`consultas`, CONSTRAINT `fk_paciente_consulta` FOREIGN KEY (`pacienteId`) REFERENCES `pacientes` (`id`))
ERROR - 2021-07-20 12:12:47 --> Duplicate entry '0' for key 'PRIMARY'
ERROR - 2021-07-20 12:54:43 --> Cannot add or update a child row: a foreign key constraint fails (`SistemaHospitalar`.`consultas`, CONSTRAINT `fk_paciente_consulta` FOREIGN KEY (`pacienteId`) REFERENCES `pacientes` (`id`))
ERROR - 2021-07-20 13:10:23 --> You have an error in your SQL syntax; check the manual that corresponds to your MariaDB server version for the right syntax to use near '0, `nome`, `email`, `senha`, `cpf`, `turno`, `genero`, `celular`) VALUES ('F'...' at line 1
ERROR - 2021-07-20 13:10:33 --> You have an error in your SQL syntax; check the manual that corresponds to your MariaDB server version for the right syntax to use near '0, `nome`, `email`, `senha`, `cpf`, `turno`, `genero`, `celular`) VALUES ('F'...' at line 1
ERROR - 2021-07-20 13:10:37 --> You have an error in your SQL syntax; check the manual that corresponds to your MariaDB server version for the right syntax to use near '0, `nome`, `email`, `senha`, `cpf`, `turno`, `genero`, `celular`) VALUES ('M'...' at line 1
ERROR - 2021-07-20 13:10:40 --> You have an error in your SQL syntax; check the manual that corresponds to your MariaDB server version for the right syntax to use near '0, `nome`, `email`, `senha`, `cpf`, `turno`, `genero`, `celular`) VALUES ('M'...' at line 1
ERROR - 2021-07-20 13:10:59 --> You have an error in your SQL syntax; check the manual that corresponds to your MariaDB server version for the right syntax to use near '0, `nome`, `email`, `senha`, `cpf`, `turno`, `genero`, `celular`) VALUES ('ma...' at line 1
ERROR - 2021-07-20 13:11:03 --> You have an error in your SQL syntax; check the manual that corresponds to your MariaDB server version for the right syntax to use near '0, `nome`, `email`, `senha`, `cpf`, `turno`, `genero`, `celular`) VALUES ('ma...' at line 1
ERROR - 2021-07-20 13:11:05 --> You have an error in your SQL syntax; check the manual that corresponds to your MariaDB server version for the right syntax to use near '0, `nome`, `email`, `senha`, `cpf`, `turno`, `genero`, `celular`) VALUES ('fe...' at line 1
ERROR - 2021-07-20 13:11:08 --> You have an error in your SQL syntax; check the manual that corresponds to your MariaDB server version for the right syntax to use near '0, `nome`, `email`, `senha`, `cpf`, `turno`, `genero`, `celular`) VALUES ('fe...' at line 1
ERROR - 2021-07-20 13:11:11 --> You have an error in your SQL syntax; check the manual that corresponds to your MariaDB server version for the right syntax to use near '0, `nome`, `email`, `senha`, `cpf`, `turno`, `genero`, `celular`) VALUES ('ma...' at line 1
ERROR - 2021-07-20 13:11:13 --> You have an error in your SQL syntax; check the manual that corresponds to your MariaDB server version for the right syntax to use near '0, `nome`, `email`, `senha`, `cpf`, `turno`, `genero`, `celular`) VALUES ('ma...' at line 1
ERROR - 2021-07-20 15:23:25 --> Unknown column 'pacienteID' in 'field list'
ERROR - 2021-07-20 15:24:49 --> Unknown column 'especialidade' in 'field list'
ERROR - 2021-07-20 15:26:40 --> Duplicate entry '0' for key 'PRIMARY'
ERROR - 2021-07-20 15:28:06 --> Duplicate entry '0' for key 'PRIMARY'
ERROR - 2021-07-20 16:35:52 --> Unknown column 'pacienteID' in 'field list'
ERROR - 2021-07-20 16:36:17 --> Unknown column 'pacienteID' in 'field list'
ERROR - 2021-07-20 16:51:04 --> Cannot add or update a child row: a foreign key constraint fails (`SistemaHospitalar`.`consultas`, CONSTRAINT `fk_paciente_consulta` FOREIGN KEY (`pacienteId`) REFERENCES `pacientes` (`id`))
ERROR - 2021-07-20 17:00:31 --> Cannot add or update a child row: a foreign key constraint fails (`SistemaHospitalar`.`consultas`, CONSTRAINT `fk_doutor_consulta` FOREIGN KEY (`doutorId`) REFERENCES `doutores` (`id`))
ERROR - 2021-07-20 17:02:14 --> Cannot add or update a child row: a foreign key constraint fails (`SistemaHospitalar`.`consultas`, CONSTRAINT `fk_paciente_consulta` FOREIGN KEY (`pacienteId`) REFERENCES `pacientes` (`id`))
ERROR - 2021-07-20 17:08:47 --> Cannot add or update a child row: a foreign key constraint fails (`SistemaHospitalar`.`pacientes`, CONSTRAINT `fk_convenio_paciente` FOREIGN KEY (`convenioId`) REFERENCES `convenios` (`id`))
ERROR - 2021-07-20 17:09:49 --> Cannot add or update a child row: a foreign key constraint fails (`SistemaHospitalar`.`pacientes`, CONSTRAINT `fk_convenio_paciente` FOREIGN KEY (`convenioId`) REFERENCES `convenios` (`id`))
ERROR - 2021-07-20 17:10:43 --> Cannot add or update a child row: a foreign key constraint fails (`SistemaHospitalar`.`pacientes`, CONSTRAINT `fk_convenio_paciente` FOREIGN KEY (`convenioId`) REFERENCES `convenios` (`id`))
ERROR - 2021-07-20 17:10:59 --> Cannot add or update a child row: a foreign key constraint fails (`SistemaHospitalar`.`pacientes`, CONSTRAINT `fk_convenio_paciente` FOREIGN KEY (`convenioId`) REFERENCES `convenios` (`id`))
ERROR - 2021-07-20 17:19:26 --> Duplicate entry 'Unimed' for key 'uq_convenios'
ERROR - 2021-07-20 17:28:20 --> Unknown column 'numero' in 'field list'
ERROR - 2021-07-20 17:28:36 --> Duplicate entry '7' for key 'PRIMARY'
ERROR - 2021-07-20 17:29:49 --> Duplicate entry '0' for key 'PRIMARY'
ERROR - 2021-07-20 17:39:39 --> Duplicate entry '0' for key 'PRIMARY'
ERROR - 2021-07-20 17:56:13 --> Duplicate entry 'Unimed' for key 'uq_convenios'
ERROR - 2021-07-20 17:57:18 --> Cannot add or update a child row: a foreign key constraint fails (`SistemaHospitalar`.`pacientes`, CONSTRAINT `fk_convenio_paciente` FOREIGN KEY (`convenioId`) REFERENCES `convenios` (`id`))
ERROR - 2021-07-20 18:09:04 --> Cannot add or update a child row: a foreign key constraint fails (`SistemaHospitalar`.`pacientes`, CONSTRAINT `fk_convenio_paciente` FOREIGN KEY (`convenioId`) REFERENCES `convenios` (`id`))
ERROR - 2021-07-20 21:57:02 --> Cannot add or update a child row: a foreign key constraint fails (`SistemaHospitalar`.`pacientes`, CONSTRAINT `fk_convenio_paciente` FOREIGN KEY (`convenioId`) REFERENCES `convenios` (`id`))
ERROR - 2021-07-20 22:11:31 --> Cannot add or update a child row: a foreign key constraint fails (`SistemaHospitalar`.`pacientes`, CONSTRAINT `fk_convenio_paciente` FOREIGN KEY (`convenioId`) REFERENCES `convenios` (`id`))
ERROR - 2021-07-20 22:22:12 --> Table 'SistemaHospitalar.convenio' doesn't exist
ERROR - 2021-07-20 23:03:27 --> Cannot add or update a child row: a foreign key constraint fails (`SistemaHospitalar`.`pacientes`, CONSTRAINT `fk_convenio_paciente` FOREIGN KEY (`convenioId`) REFERENCES `convenios` (`id`))
ERROR - 2021-07-20 23:07:51 --> Cannot add or update a child row: a foreign key constraint fails (`SistemaHospitalar`.`pacientes`, CONSTRAINT `fk_convenio_paciente` FOREIGN KEY (`convenioId`) REFERENCES `convenios` (`id`))
ERROR - 2021-07-20 23:08:55 --> Cannot add or update a child row: a foreign key constraint fails (`SistemaHospitalar`.`pacientes`, CONSTRAINT `fk_convenio_paciente` FOREIGN KEY (`convenioId`) REFERENCES `convenios` (`id`))
ERROR - 2021-07-20 23:09:59 --> Cannot add or update a child row: a foreign key constraint fails (`SistemaHospitalar`.`pacientes`, CONSTRAINT `fk_convenio_paciente` FOREIGN KEY (`convenioId`) REFERENCES `convenios` (`id`))
ERROR - 2021-07-20 23:10:13 --> Cannot add or update a child row: a foreign key constraint fails (`SistemaHospitalar`.`pacientes`, CONSTRAINT `fk_convenio_paciente` FOREIGN KEY (`convenioId`) REFERENCES `convenios` (`id`))
ERROR - 2021-07-20 23:17:21 --> Duplicate entry 'lucio52@r7.com' for key 'uq_recepcionistas_email'
ERROR - 2021-07-20 23:20:03 --> Duplicate entry '4' for key 'PRIMARY'
ERROR - 2021-07-20 23:20:19 --> Duplicate entry '283' for key 'PRIMARY'
ERROR - 2021-07-20 23:22:08 --> Duplicate entry 'Uniodonto' for key 'uq_convenios'
ERROR - 2021-07-20 23:25:55 --> Cannot add or update a child row: a foreign key constraint fails (`SistemaHospitalar`.`pacientes`, CONSTRAINT `fk_convenio_paciente` FOREIGN KEY (`convenioId`) REFERENCES `convenios` (`id`))
ERROR - 2021-07-20 23:28:31 --> Cannot add or update a child row: a foreign key constraint fails (`SistemaHospitalar`.`pacientes`, CONSTRAINT `fk_convenio_paciente` FOREIGN KEY (`convenioId`) REFERENCES `convenios` (`id`))
ERROR - 2021-07-20 23:33:36 --> Cannot add or update a child row: a foreign key constraint fails (`SistemaHospitalar`.`pacientes`, CONSTRAINT `fk_convenio_paciente` FOREIGN KEY (`convenioId`) REFERENCES `convenios` (`id`))
ERROR - 2021-07-20 23:40:57 --> Cannot add or update a child row: a foreign key constraint fails (`SistemaHospitalar`.`consultas`, CONSTRAINT `fk_paciente_consulta` FOREIGN KEY (`pacienteId`) REFERENCES `pacientes` (`id`))
ERROR - 2021-07-20 23:41:58 --> Cannot add or update a child row: a foreign key constraint fails (`SistemaHospitalar`.`consultas`, CONSTRAINT `fk_paciente_consulta` FOREIGN KEY (`pacienteId`) REFERENCES `pacientes` (`id`))
